error: tracing events must not contain debug-formatted fields
  --> $DIR/main.rs:8:41
   |
LL |     info!(field = tracing::field::debug(field), "using the function");
   |                                         ^^^^^
   |
   = help: emit the std::fmt::Display format of the object using the % sigil. You might have to implement the Display trait or serialize the object to a format that can be written as a string (like JSON). Consider if emitting the entire object is necessary or if the information can be reduced.
   = note: `-D tracing-debug-field` implied by `-D warnings`
   = help: to override `-D warnings` add `#[allow(tracing_debug_field)]`

error: tracing events must not contain debug-formatted fields
  --> $DIR/main.rs:9:20
   |
LL |     info!(field = ?field, "using the sigil");
   |                    ^^^^^
   |
   = help: emit the std::fmt::Display format of the object using the % sigil. You might have to implement the Display trait or serialize the object to a format that can be written as a string (like JSON). Consider if emitting the entire object is necessary or if the information can be reduced.

error: tracing events must not contain debug-formatted fields
  --> $DIR/main.rs:10:5
   |
LL |     info!(?field, "using shorthand with sigil");
   |     ^^^^^^^^^^^^^^^^^^^^^^^^^^^^^^^^^^^^^^^^^^^
   |
   = help: emit the std::fmt::Display format of the object using the % sigil. You might have to implement the Display trait or serialize the object to a format that can be written as a string (like JSON). Consider if emitting the entire object is necessary or if the information can be reduced.

error: aborting due to 3 previous errors

